Search parameters: #threads: 1,  beamwidth: 4.
Reading (with alignment) bin file /home/dzq/ann_exp/data/random10k_query.fbin ...Metadata: #pts = 1000, #dims = 128, aligned_dim = 128... allocating aligned memory of 512000 bytes... done. Copying data to mem_aligned buffer... done.
Opened: /home/dzq/ann_exp/data/random10k_gt, size: 80008, cache_size: 80008
Reading truthset file /home/dzq/ann_exp/data/random10k_gt ...
Metadata: #pts = 1000, #dims = 10... 
L2: Using AVX2 distance computation DistanceL2Float
L2: Using AVX2 distance computation DistanceL2Float
Reading bin file /home/dzq/ann_exp/index/disk/random10k_R32_L50_B1_M1_reordered_pq_compressed.bin ...
Opening bin file /home/dzq/ann_exp/index/disk/random10k_R32_L50_B1_M1_reordered_pq_compressed.bin... 
Metadata: #pts = 10000, #dims = 128...
done.
Reading bin file /home/dzq/ann_exp/index/disk/random10k_R32_L50_B1_M1_reordered_pq_pivots.bin ...
Opening bin file /home/dzq/ann_exp/index/disk/random10k_R32_L50_B1_M1_reordered_pq_pivots.bin... 
Metadata: #pts = 4, #dims = 1...
done.
Offsets: 4096 135176 135696 136220
Reading bin file /home/dzq/ann_exp/index/disk/random10k_R32_L50_B1_M1_reordered_pq_pivots.bin ...
Opening bin file /home/dzq/ann_exp/index/disk/random10k_R32_L50_B1_M1_reordered_pq_pivots.bin... 
Metadata: #pts = 256, #dims = 128...
done.
Reading bin file /home/dzq/ann_exp/index/disk/random10k_R32_L50_B1_M1_reordered_pq_pivots.bin ...
Opening bin file /home/dzq/ann_exp/index/disk/random10k_R32_L50_B1_M1_reordered_pq_pivots.bin... 
Metadata: #pts = 128, #dims = 1...
done.
Reading bin file /home/dzq/ann_exp/index/disk/random10k_R32_L50_B1_M1_reordered_pq_pivots.bin ...
Opening bin file /home/dzq/ann_exp/index/disk/random10k_R32_L50_B1_M1_reordered_pq_pivots.bin... 
Metadata: #pts = 129, #dims = 1...
done.
Loaded PQ Pivots: #ctrs: 256, #dims: 128, #chunks: 128
Loaded PQ centroids and in-memory compressed vectors. #points: 10000 #dim: 128 #aligned_dim: 128 #chunks: 128
Mismatch in #points for compressed data file and disk index file: 128104190369848 vs 10000
Command exited with non-zero status 255
	Command being timed: "/home/dzq/projects/DiskANN/build/apps/search_disk_index --data_type float --dist_fn l2 --index_path_prefix /home/dzq/ann_exp/index/disk/random10k_R32_L50_B1_M1_reordered --query_file /home/dzq/ann_exp/data/random10k_query.fbin --gt_file /home/dzq/ann_exp/data/random10k_gt --recall_at 10 --search_list 80 --beamwidth 4 --num_nodes_to_cache 0 --num_threads 1 --perm_map_in /home/dzq/ann_exp/index/disk/random10k_R32_L50_B1_M1_disk_perm.bin --result_path /tmp/_r10k_reord_smoke"
	User time (seconds): 0.01
	System time (seconds): 0.01
	Percent of CPU this job got: 88%
	Elapsed (wall clock) time (h:mm:ss or m:ss): 0:00.03
	Average shared text size (kbytes): 0
	Average unshared data size (kbytes): 0
	Average stack size (kbytes): 0
	Average total size (kbytes): 0
	Maximum resident set size (kbytes): 29184
	Average resident set size (kbytes): 0
	Major (requiring I/O) page faults: 4
	Minor (reclaiming a frame) page faults: 3967
	Voluntary context switches: 27
	Involuntary context switches: 0
	Swaps: 0
	File system inputs: 3552
	File system outputs: 0
	Socket messages sent: 0
	Socket messages received: 0
	Signals delivered: 0
	Page size (bytes): 4096
	Exit status: 255
