Search parameters: #threads: 1,  beamwidth: 4.
Reading (with alignment) bin file /home/dzq/ann_exp/data/random10k_query.fbin ...Metadata: #pts = 1000, #dims = 128, aligned_dim = 128... allocating aligned memory of 512000 bytes... done. Copying data to mem_aligned buffer... done.
Opened: /home/dzq/ann_exp/data/random10k_gt, size: 80008, cache_size: 80008
Reading truthset file /home/dzq/ann_exp/data/random10k_gt ...
Metadata: #pts = 1000, #dims = 10... 
L2: Using AVX2 distance computation DistanceL2Float
L2: Using AVX2 distance computation DistanceL2Float
Reading bin file /home/dzq/ann_exp/index/disk/random10k_R32_L50_B1_M1_reordered_pq_compressed.bin ...
Opening bin file /home/dzq/ann_exp/index/disk/random10k_R32_L50_B1_M1_reordered_pq_compressed.bin... 
Metadata: #pts = 10000, #dims = 128...
done.
Reading bin file /home/dzq/ann_exp/index/disk/random10k_R32_L50_B1_M1_reordered_pq_pivots.bin ...
Opening bin file /home/dzq/ann_exp/index/disk/random10k_R32_L50_B1_M1_reordered_pq_pivots.bin... 
Metadata: #pts = 4, #dims = 1...
done.
Offsets: 4096 135176 135696 136220
Reading bin file /home/dzq/ann_exp/index/disk/random10k_R32_L50_B1_M1_reordered_pq_pivots.bin ...
Opening bin file /home/dzq/ann_exp/index/disk/random10k_R32_L50_B1_M1_reordered_pq_pivots.bin... 
Metadata: #pts = 256, #dims = 128...
done.
Reading bin file /home/dzq/ann_exp/index/disk/random10k_R32_L50_B1_M1_reordered_pq_pivots.bin ...
Opening bin file /home/dzq/ann_exp/index/disk/random10k_R32_L50_B1_M1_reordered_pq_pivots.bin... 
Metadata: #pts = 128, #dims = 1...
done.
Reading bin file /home/dzq/ann_exp/index/disk/random10k_R32_L50_B1_M1_reordered_pq_pivots.bin ...
Opening bin file /home/dzq/ann_exp/index/disk/random10k_R32_L50_B1_M1_reordered_pq_pivots.bin... 
Metadata: #pts = 129, #dims = 1...
done.
Loaded PQ Pivots: #ctrs: 256, #dims: 128, #chunks: 128
Loaded PQ centroids and in-memory compressed vectors. #points: 10000 #dim: 128 #aligned_dim: 128 #chunks: 128
DEBUG load_from_separate_paths: _disk_index_file="/home/dzq/ann_exp/index/disk/random10k_R32_L50_B1_M1_reordered_disk.index"
DEBUG load_from_separate_paths: nr=9 nc=1 disk_nnodes=10000 disk_ndims=128 _num_points=10000
Disk-Index File Meta-data: # nodes per sector: 6, max node len (bytes): 644, max node degree: 32
Opened file : /home/dzq/ann_exp/index/disk/random10k_R32_L50_B1_M1_reordered_disk.index
Setting up thread-specific contexts for nthreads: 1
allocating ctx: 0x7d31b9f01000 to thread-id:137652526467008
Loading centroid data from medoids vector data of 1 medoid(s)
done..
Permutation map loaded: 10000 entries (round 2 phase 1, real 4KB block reorder)
Block-aware cache: OFF (round 2 phase 2)
Dumping BFS cache list to /home/dzq/ann_exp/index/cache/random10k_bfs_k1000.txt (num_nodes_to_cache=1000)
Caching 1000...
Level: 1.. #nodes: 1, #nodes thus far: 1
Level: 2.. #nodes: 32, #nodes thus far: 33
Level: 3.. #nodes: 611, #nodes thus far: 644
Level: 4. #nodes: 356, #nodes thus far: 1000
done
Dumped 1000 node ids. Exiting.
Clearing scratch
