Starting index build with R: 32  Lbuild: 50  alpha: 1.2  #threads: 4
L2: Using AVX2 distance computation DistanceL2Float
Using only first 10000 from file.. 
Starting index build with 10000 points... 
0% of index build completed.Starting final cleanup..done. Link time: 0.187147s
Index built with degree: max:32  avg:2.656  min:1  count(deg<2):8054
Indexing time: 0.195353
Not saving tags as they are not enabled.
Time taken for save: 0.046705s.
	Command being timed: "./apps/build_memory_index --data_type float --dist_fn l2 --data_path /home/dzq/ann_exp/data/random10k_base.fbin --index_path_prefix /home/dzq/ann_exp/index/memory/random10k_R32_L50 --max_degree 32 --Lbuild 50 --alpha 1.2 --num_threads 4"
	User time (seconds): 0.92
	System time (seconds): 0.06
	Percent of CPU this job got: 321%
	Elapsed (wall clock) time (h:mm:ss or m:ss): 0:00.30
	Average shared text size (kbytes): 0
	Average unshared data size (kbytes): 0
	Average stack size (kbytes): 0
	Average total size (kbytes): 0
	Maximum resident set size (kbytes): 35072
	Average resident set size (kbytes): 0
	Major (requiring I/O) page faults: 30
	Minor (reclaiming a frame) page faults: 5361
	Voluntary context switches: 57
	Involuntary context switches: 5
	Swaps: 0
	File system inputs: 4744
	File system outputs: 10296
	Socket messages sent: 0
	Socket messages received: 0
	Signals delivered: 0
	Page size (bytes): 4096
	Exit status: 0
