Starting index build: R=32 L=50 Query RAM budget: 2.14748e+08 Indexing ram budget: 1 T: 4
Compressing 128-dimensional data into 128 bytes per vector.
Opened: /home/dzq/ann_exp/data/random10k_base.fbin, size: 5120008, cache_size: 5120008
Training data with 10000 samples loaded.
Processing chunk 0 with dimensions [0, 1)
Processing chunk 1 with dimensions [1, 2)
Processing chunk 2 with dimensions [2, 3)
Processing chunk 3 with dimensions [3, 4)
Processing chunk 4 with dimensions [4, 5)
Processing chunk 5 with dimensions [5, 6)
Processing chunk 6 with dimensions [6, 7)
Processing chunk 7 with dimensions [7, 8)
Processing chunk 8 with dimensions [8, 9)
Processing chunk 9 with dimensions [9, 10)
Processing chunk 10 with dimensions [10, 11)
Processing chunk 11 with dimensions [11, 12)
Processing chunk 12 with dimensions [12, 13)
Processing chunk 13 with dimensions [13, 14)
Processing chunk 14 with dimensions [14, 15)
Processing chunk 15 with dimensions [15, 16)
Processing chunk 16 with dimensions [16, 17)
Processing chunk 17 with dimensions [17, 18)
Processing chunk 18 with dimensions [18, 19)
Processing chunk 19 with dimensions [19, 20)
Processing chunk 20 with dimensions [20, 21)
Processing chunk 21 with dimensions [21, 22)
Processing chunk 22 with dimensions [22, 23)
Processing chunk 23 with dimensions [23, 24)
Processing chunk 24 with dimensions [24, 25)
Processing chunk 25 with dimensions [25, 26)
Processing chunk 26 with dimensions [26, 27)
Processing chunk 27 with dimensions [27, 28)
Processing chunk 28 with dimensions [28, 29)
Processing chunk 29 with dimensions [29, 30)
Processing chunk 30 with dimensions [30, 31)
Processing chunk 31 with dimensions [31, 32)
Processing chunk 32 with dimensions [32, 33)
Processing chunk 33 with dimensions [33, 34)
Processing chunk 34 with dimensions [34, 35)
Processing chunk 35 with dimensions [35, 36)
Processing chunk 36 with dimensions [36, 37)
Processing chunk 37 with dimensions [37, 38)
Processing chunk 38 with dimensions [38, 39)
Processing chunk 39 with dimensions [39, 40)
Processing chunk 40 with dimensions [40, 41)
Processing chunk 41 with dimensions [41, 42)
Processing chunk 42 with dimensions [42, 43)
Processing chunk 43 with dimensions [43, 44)
Processing chunk 44 with dimensions [44, 45)
Processing chunk 45 with dimensions [45, 46)
Processing chunk 46 with dimensions [46, 47)
Processing chunk 47 with dimensions [47, 48)
Processing chunk 48 with dimensions [48, 49)
Processing chunk 49 with dimensions [49, 50)
Processing chunk 50 with dimensions [50, 51)
Processing chunk 51 with dimensions [51, 52)
Processing chunk 52 with dimensions [52, 53)
Processing chunk 53 with dimensions [53, 54)
Processing chunk 54 with dimensions [54, 55)
Processing chunk 55 with dimensions [55, 56)
Processing chunk 56 with dimensions [56, 57)
Processing chunk 57 with dimensions [57, 58)
Processing chunk 58 with dimensions [58, 59)
Processing chunk 59 with dimensions [59, 60)
Processing chunk 60 with dimensions [60, 61)
Processing chunk 61 with dimensions [61, 62)
Processing chunk 62 with dimensions [62, 63)
Processing chunk 63 with dimensions [63, 64)
Processing chunk 64 with dimensions [64, 65)
Processing chunk 65 with dimensions [65, 66)
Processing chunk 66 with dimensions [66, 67)
Processing chunk 67 with dimensions [67, 68)
Processing chunk 68 with dimensions [68, 69)
Processing chunk 69 with dimensions [69, 70)
Processing chunk 70 with dimensions [70, 71)
Processing chunk 71 with dimensions [71, 72)
Processing chunk 72 with dimensions [72, 73)
Processing chunk 73 with dimensions [73, 74)
Processing chunk 74 with dimensions [74, 75)
Processing chunk 75 with dimensions [75, 76)
Processing chunk 76 with dimensions [76, 77)
Processing chunk 77 with dimensions [77, 78)
Processing chunk 78 with dimensions [78, 79)
Processing chunk 79 with dimensions [79, 80)
Processing chunk 80 with dimensions [80, 81)
Processing chunk 81 with dimensions [81, 82)
Processing chunk 82 with dimensions [82, 83)
Processing chunk 83 with dimensions [83, 84)
Processing chunk 84 with dimensions [84, 85)
Processing chunk 85 with dimensions [85, 86)
Processing chunk 86 with dimensions [86, 87)
Processing chunk 87 with dimensions [87, 88)
Processing chunk 88 with dimensions [88, 89)
Processing chunk 89 with dimensions [89, 90)
Processing chunk 90 with dimensions [90, 91)
Processing chunk 91 with dimensions [91, 92)
Processing chunk 92 with dimensions [92, 93)
Processing chunk 93 with dimensions [93, 94)
Processing chunk 94 with dimensions [94, 95)
Processing chunk 95 with dimensions [95, 96)
Processing chunk 96 with dimensions [96, 97)
Processing chunk 97 with dimensions [97, 98)
Processing chunk 98 with dimensions [98, 99)
Processing chunk 99 with dimensions [99, 100)
Processing chunk 100 with dimensions [100, 101)
Processing chunk 101 with dimensions [101, 102)
Processing chunk 102 with dimensions [102, 103)
Processing chunk 103 with dimensions [103, 104)
Processing chunk 104 with dimensions [104, 105)
Processing chunk 105 with dimensions [105, 106)
Processing chunk 106 with dimensions [106, 107)
Processing chunk 107 with dimensions [107, 108)
Processing chunk 108 with dimensions [108, 109)
Processing chunk 109 with dimensions [109, 110)
Processing chunk 110 with dimensions [110, 111)
Processing chunk 111 with dimensions [111, 112)
Processing chunk 112 with dimensions [112, 113)
Processing chunk 113 with dimensions [113, 114)
Processing chunk 114 with dimensions [114, 115)
Processing chunk 115 with dimensions [115, 116)
Processing chunk 116 with dimensions [116, 117)
Processing chunk 117 with dimensions [117, 118)
Processing chunk 118 with dimensions [118, 119)
Processing chunk 119 with dimensions [119, 120)
Processing chunk 120 with dimensions [120, 121)
Processing chunk 121 with dimensions [121, 122)
Processing chunk 122 with dimensions [122, 123)
Processing chunk 123 with dimensions [123, 124)
Processing chunk 124 with dimensions [124, 125)
Processing chunk 125 with dimensions [125, 126)
Processing chunk 126 with dimensions [126, 127)
Processing chunk 127 with dimensions [127, 128)
Writing bin: /home/dzq/ann_exp/index/disk/random10k_R32_L50_B1_M1_pq_pivots.bin
bin: #pts = 256, #dims = 128, size = 131080B
Finished writing bin.
Writing bin: /home/dzq/ann_exp/index/disk/random10k_R32_L50_B1_M1_pq_pivots.bin
bin: #pts = 128, #dims = 1, size = 520B
Finished writing bin.
Writing bin: /home/dzq/ann_exp/index/disk/random10k_R32_L50_B1_M1_pq_pivots.bin
bin: #pts = 129, #dims = 1, size = 524B
Finished writing bin.
Writing bin: /home/dzq/ann_exp/index/disk/random10k_R32_L50_B1_M1_pq_pivots.bin
bin: #pts = 4, #dims = 1, size = 40B
Finished writing bin.
Saved pq pivot data to /home/dzq/ann_exp/index/disk/random10k_R32_L50_B1_M1_pq_pivots.bin of size 136220B.
Opened: /home/dzq/ann_exp/data/random10k_base.fbin, size: 5120008, cache_size: 5120008
Reading bin file /home/dzq/ann_exp/index/disk/random10k_R32_L50_B1_M1_pq_pivots.bin ...
Opening bin file /home/dzq/ann_exp/index/disk/random10k_R32_L50_B1_M1_pq_pivots.bin... 
Metadata: #pts = 4, #dims = 1...
done.
Reading bin file /home/dzq/ann_exp/index/disk/random10k_R32_L50_B1_M1_pq_pivots.bin ...
Opening bin file /home/dzq/ann_exp/index/disk/random10k_R32_L50_B1_M1_pq_pivots.bin... 
Metadata: #pts = 256, #dims = 128...
done.
Reading bin file /home/dzq/ann_exp/index/disk/random10k_R32_L50_B1_M1_pq_pivots.bin ...
Opening bin file /home/dzq/ann_exp/index/disk/random10k_R32_L50_B1_M1_pq_pivots.bin... 
Metadata: #pts = 128, #dims = 1...
done.
Reading bin file /home/dzq/ann_exp/index/disk/random10k_R32_L50_B1_M1_pq_pivots.bin ...
Opening bin file /home/dzq/ann_exp/index/disk/random10k_R32_L50_B1_M1_pq_pivots.bin... 
Metadata: #pts = 129, #dims = 1...
done.
Loaded PQ pivot information
Processing points  [0, 10000)...done.
Time for generating quantized data: 8.343900 seconds
Full index fits in RAM budget, should consume at most 0.00744164GiBs, so building in one shot
L2: Using AVX2 distance computation DistanceL2Float
Passed, empty search_params while creating index config
Using only first 10000 from file.. 
Starting index build with 10000 points... 
0% of index build completed.Starting final cleanup..done. Link time: 0.441099s
Index built with degree: max:32  avg:32  min:32  count(deg<2):0
Not saving tags as they are not enabled.
Time taken for save: 0.048045s.
Time for building merged vamana index: 0.501006 seconds
Opened: /home/dzq/ann_exp/data/random10k_base.fbin, size: 5120008, cache_size: 5120008
Vamana index file size=1320024
Opened: /home/dzq/ann_exp/index/disk/random10k_R32_L50_B1_M1_disk.index, cache_size: 67108864
medoid: 7631B
max_node_len: 644B
nnodes_per_sector: 6B
# sectors: 1667
Sector #0written
Finished writing 6832128B
Writing bin: /home/dzq/ann_exp/index/disk/random10k_R32_L50_B1_M1_disk.index
bin: #pts = 9, #dims = 1, size = 80B
Finished writing bin.
Output disk index file written to /home/dzq/ann_exp/index/disk/random10k_R32_L50_B1_M1_disk.index
Finished writing 6832128B
Time for generating disk layout: 0.065113 seconds
Opened: /home/dzq/ann_exp/data/random10k_base.fbin, size: 5120008, cache_size: 5120008
Loading base /home/dzq/ann_exp/data/random10k_base.fbin. #points: 10000. #dim: 128.
Wrote 1008 points to sample file: /home/dzq/ann_exp/index/disk/random10k_R32_L50_B1_M1_sample_data.bin
Indexing time: 8.91395
	Command being timed: "./apps/build_disk_index --data_type float --dist_fn l2 --data_path /home/dzq/ann_exp/data/random10k_base.fbin --index_path_prefix /home/dzq/ann_exp/index/disk/random10k_R32_L50_B1_M1 --search_DRAM_budget 0.2 --build_DRAM_budget 1 --max_degree 32 --Lbuild 50 --num_threads 4"
	User time (seconds): 35.18
	System time (seconds): 0.38
	Percent of CPU this job got: 396%
	Elapsed (wall clock) time (h:mm:ss or m:ss): 0:08.96
	Average shared text size (kbytes): 0
	Average unshared data size (kbytes): 0
	Average stack size (kbytes): 0
	Average total size (kbytes): 0
	Maximum resident set size (kbytes): 121228
	Average resident set size (kbytes): 0
	Major (requiring I/O) page faults: 40
	Minor (reclaiming a frame) page faults: 31797
	Voluntary context switches: 99
	Involuntary context switches: 58
	Swaps: 0
	File system inputs: 6808
	File system outputs: 29736
	Socket messages sent: 0
	Socket messages received: 0
	Signals delivered: 0
	Page size (bytes): 4096
	Exit status: 0
