Reading (with alignment) bin file /home/dzq/ann_exp/data/random10k_query.fbin ...Metadata: #pts = 1000, #dims = 128, aligned_dim = 128... allocating aligned memory of 512000 bytes... done. Copying data to mem_aligned buffer... done.
Opened: /home/dzq/ann_exp/data/random10k_gt, size: 80008, cache_size: 80008
Reading truthset file /home/dzq/ann_exp/data/random10k_gt ...
Metadata: #pts = 1000, #dims = 10... 
L2: Using AVX2 distance computation DistanceL2Float
Resizing took: 0.00393216s
From graph header, expected_file_size: 146264, _max_observed_degree: 32, _start: 7631, file_frozen_pts: 0
Loading vamana graph /home/dzq/ann_exp/index/memory/random10k_R32_L50...done. Index has 10000 nodes and 26560 out-edges, _start is set to 7631
Num frozen points:0 _nd: 10000 _start: 7631 size(_location_to_tag): 0 size(_tag_to_location):0 Max points: 10000
Index loaded
Using 4 threads to search
  Ls         QPS     Avg dist cmps  Mean Latency (mus)   99.9 Latency   Recall@10
=================================================================================
  20    49811.65            405.60               74.42        4640.02       47.20
Done searching. Now saving results 
Writing bin: /home/dzq/ann_exp/result/memory_random10k_L20_20_idx_uint32.bin
bin: #pts = 1000, #dims = 10, size = 40008B
Finished writing bin.
Writing bin: /home/dzq/ann_exp/result/memory_random10k_L20_20_dists_float.bin
bin: #pts = 1000, #dims = 10, size = 40008B
Finished writing bin.
	Command being timed: "./apps/search_memory_index --data_type float --dist_fn l2 --index_path_prefix /home/dzq/ann_exp/index/memory/random10k_R32_L50 --query_file /home/dzq/ann_exp/data/random10k_query.fbin --gt_file /home/dzq/ann_exp/data/random10k_gt --recall_at 10 --search_list 20 --num_threads 4 --result_path /home/dzq/ann_exp/result/memory_random10k_L20"
	User time (seconds): 0.11
	System time (seconds): 0.07
	Percent of CPU this job got: 116%
	Elapsed (wall clock) time (h:mm:ss or m:ss): 0:00.16
	Average shared text size (kbytes): 0
	Average unshared data size (kbytes): 0
	Average stack size (kbytes): 0
	Average total size (kbytes): 0
	Maximum resident set size (kbytes): 34304
	Average resident set size (kbytes): 0
	Major (requiring I/O) page faults: 31
	Minor (reclaiming a frame) page faults: 5069
	Voluntary context switches: 50
	Involuntary context switches: 1
	Swaps: 0
	File system inputs: 5776
	File system outputs: 160
	Socket messages sent: 0
	Socket messages received: 0
	Signals delivered: 0
	Page size (bytes): 4096
	Exit status: 0
