Reading (with alignment) bin file /home/dzq/ann_exp/data/sift1m/sift_query.bin ...Metadata: #pts = 10000, #dims = 128, aligned_dim = 128... allocating aligned memory of 5120000 bytes... done. Copying data to mem_aligned buffer... done.
Opened: /home/dzq/ann_exp/data/sift1m/sift_gt_full, size: 800008, cache_size: 800008
Reading truthset file /home/dzq/ann_exp/data/sift1m/sift_gt_full ...
Metadata: #pts = 10000, #dims = 10... 
L2: Using AVX2 distance computation DistanceL2Float
Resizing took: 0.0354525s
From graph header, expected_file_size: 108919716, _max_observed_degree: 32, _start: 123742, file_frozen_pts: 0
Loading vamana graph /home/dzq/ann_exp/index/memory/sift1m_R32_L50...done. Index has 1000000 nodes and 26229923 out-edges, _start is set to 123742
Num frozen points:0 _nd: 1000000 _start: 123742 size(_location_to_tag): 0 size(_tag_to_location):0 Max points: 1000000
Index loaded
Using 4 threads to search
  Ls         QPS     Avg dist cmps  Mean Latency (mus)   99.9 Latency   Recall@10
=================================================================================
  10    58117.39            442.12               67.66         530.20       75.04
Done searching. Now saving results 
Writing bin: /home/dzq/ann_exp/result/memory_sift1m_full_L10_10_idx_uint32.bin
bin: #pts = 10000, #dims = 10, size = 400008B
Finished writing bin.
Writing bin: /home/dzq/ann_exp/result/memory_sift1m_full_L10_10_dists_float.bin
bin: #pts = 10000, #dims = 10, size = 400008B
Finished writing bin.
	Command being timed: "./apps/search_memory_index --data_type float --dist_fn l2 --index_path_prefix /home/dzq/ann_exp/index/memory/sift1m_R32_L50 --query_file /home/dzq/ann_exp/data/sift1m/sift_query.bin --gt_file /home/dzq/ann_exp/data/sift1m/sift_gt_full --recall_at 10 --search_list 10 --num_threads 4 --result_path /home/dzq/ann_exp/result/memory_sift1m_full_L10"
	User time (seconds): 0.92
	System time (seconds): 0.55
	Percent of CPU this job got: 172%
	Elapsed (wall clock) time (h:mm:ss or m:ss): 0:00.85
	Average shared text size (kbytes): 0
	Average unshared data size (kbytes): 0
	Average stack size (kbytes): 0
	Average total size (kbytes): 0
	Maximum resident set size (kbytes): 711168
	Average resident set size (kbytes): 0
	Major (requiring I/O) page faults: 0
	Minor (reclaiming a frame) page faults: 174322
	Voluntary context switches: 26
	Involuntary context switches: 2
	Swaps: 0
	File system inputs: 0
	File system outputs: 1568
	Socket messages sent: 0
	Socket messages received: 0
	Signals delivered: 0
	Page size (bytes): 4096
	Exit status: 0
