Reading bin file /home/dzq/ann_exp/data/sift1m/sift_query.bin ...
#pts in part = 10000, #dims = 128, size = 5120000B
Finished reading part of the bin file.
Finished converting part data to float.
Reading bin file /home/dzq/ann_exp/data/sift1m/sift_base.bin ...
#pts = 1000000, #dims = 128
Number of parts: 1
Reading bin file /home/dzq/ann_exp/data/sift1m/sift_base.bin ...
#pts in part = 1000000, #dims = 128, size = 512000000B
Finished reading part of the bin file.
Finished converting part data to float.
Going to compute 10 NNs for 10000 queries over 1000000 points in 128 dimensions using L2 distance fn. 
Computed distances for queries: [0,512)
Computed exact k-NN for queries: [0,512)
Computed distances for queries: [512,1024)
Computed exact k-NN for queries: [512,1024)
Computed distances for queries: [1024,1536)
Computed exact k-NN for queries: [1024,1536)
Computed distances for queries: [1536,2048)
Computed exact k-NN for queries: [1536,2048)
Computed distances for queries: [2048,2560)
Computed exact k-NN for queries: [2048,2560)
Computed distances for queries: [2560,3072)
Computed exact k-NN for queries: [2560,3072)
Computed distances for queries: [3072,3584)
Computed exact k-NN for queries: [3072,3584)
Computed distances for queries: [3584,4096)
Computed exact k-NN for queries: [3584,4096)
Computed distances for queries: [4096,4608)
Computed exact k-NN for queries: [4096,4608)
Computed distances for queries: [4608,5120)
Computed exact k-NN for queries: [4608,5120)
Computed distances for queries: [5120,5632)
Computed exact k-NN for queries: [5120,5632)
Computed distances for queries: [5632,6144)
Computed exact k-NN for queries: [5632,6144)
Computed distances for queries: [6144,6656)
Computed exact k-NN for queries: [6144,6656)
Computed distances for queries: [6656,7168)
Computed exact k-NN for queries: [6656,7168)
Computed distances for queries: [7168,7680)
Computed exact k-NN for queries: [7168,7680)
Computed distances for queries: [7680,8192)
Computed exact k-NN for queries: [7680,8192)
Computed distances for queries: [8192,8704)
Computed exact k-NN for queries: [8192,8704)
Computed distances for queries: [8704,9216)
Computed exact k-NN for queries: [8704,9216)
Computed distances for queries: [9216,9728)
Computed exact k-NN for queries: [9216,9728)
Computed distances for queries: [9728,10000)
Computed exact k-NN for queries: [9728,10000)
Saving truthset in one file (npts, dim, npts*dim id-matrix, npts*dim dist-matrix) with npts = 10000, dim = 10, size = 800008B
Finished writing truthset
	Command being timed: "./apps/utils/compute_groundtruth --data_type float --dist_fn l2 --base_file /home/dzq/ann_exp/data/sift1m/sift_base.bin --query_file /home/dzq/ann_exp/data/sift1m/sift_query.bin --gt_file /home/dzq/ann_exp/data/sift1m/sift_gt_full --K 10"
	User time (seconds): 152.64
	System time (seconds): 5.35
	Percent of CPU this job got: 1107%
	Elapsed (wall clock) time (h:mm:ss or m:ss): 0:14.26
	Average shared text size (kbytes): 0
	Average unshared data size (kbytes): 0
	Average stack size (kbytes): 0
	Average total size (kbytes): 0
	Maximum resident set size (kbytes): 2543756
	Average resident set size (kbytes): 0
	Major (requiring I/O) page faults: 349
	Minor (reclaiming a frame) page faults: 759048
	Voluntary context switches: 557
	Involuntary context switches: 1576
	Swaps: 0
	File system inputs: 1056568
	File system outputs: 1568
	Socket messages sent: 0
	Socket messages received: 0
	Signals delivered: 0
	Page size (bytes): 4096
	Exit status: 0
