Search parameters: #threads: 4,  beamwidth: 4.
Reading (with alignment) bin file /home/dzq/ann_exp/data/sift1m/sift_query_eval800.fbin ...Metadata: #pts = 800, #dims = 128, aligned_dim = 128... allocating aligned memory of 409600 bytes... done. Copying data to mem_aligned buffer... done.
Opened: /home/dzq/ann_exp/data/sift1m/sift_gt_eval800, size: 32008, cache_size: 32008
Reading truthset file /home/dzq/ann_exp/data/sift1m/sift_gt_eval800 ...
Metadata: #pts = 800, #dims = 10... 
L2: Using AVX2 distance computation DistanceL2Float
L2: Using AVX2 distance computation DistanceL2Float
Reading bin file /home/dzq/ann_exp/index/disk/sift1m_R32_L50_B1_M4_pq_compressed.bin ...
Opening bin file /home/dzq/ann_exp/index/disk/sift1m_R32_L50_B1_M4_pq_compressed.bin... 
Metadata: #pts = 1000000, #dims = 128...
done.
Reading bin file /home/dzq/ann_exp/index/disk/sift1m_R32_L50_B1_M4_pq_pivots.bin ...
Opening bin file /home/dzq/ann_exp/index/disk/sift1m_R32_L50_B1_M4_pq_pivots.bin... 
Metadata: #pts = 4, #dims = 1...
done.
Offsets: 4096 135176 135696 136220
Reading bin file /home/dzq/ann_exp/index/disk/sift1m_R32_L50_B1_M4_pq_pivots.bin ...
Opening bin file /home/dzq/ann_exp/index/disk/sift1m_R32_L50_B1_M4_pq_pivots.bin... 
Metadata: #pts = 256, #dims = 128...
done.
Reading bin file /home/dzq/ann_exp/index/disk/sift1m_R32_L50_B1_M4_pq_pivots.bin ...
Opening bin file /home/dzq/ann_exp/index/disk/sift1m_R32_L50_B1_M4_pq_pivots.bin... 
Metadata: #pts = 128, #dims = 1...
done.
Reading bin file /home/dzq/ann_exp/index/disk/sift1m_R32_L50_B1_M4_pq_pivots.bin ...
Opening bin file /home/dzq/ann_exp/index/disk/sift1m_R32_L50_B1_M4_pq_pivots.bin... 
Metadata: #pts = 129, #dims = 1...
done.
Loaded PQ Pivots: #ctrs: 256, #dims: 128, #chunks: 128
Loaded PQ centroids and in-memory compressed vectors. #points: 1000000 #dim: 128 #aligned_dim: 128 #chunks: 128
Disk-Index File Meta-data: # nodes per sector: 6, max node len (bytes): 644, max node degree: 32
Opened file : /home/dzq/ann_exp/index/disk/sift1m_R32_L50_B1_M4_disk.index
Setting up thread-specific contexts for nthreads: 4
allocating ctx: 0x709497c97000 to thread-id:123783320505408
allocating ctx: 0x709497c86000 to thread-id:123783504111552
allocating ctx: 0x709496f06000 to thread-id:123783333313472
allocating ctx: 0x709496ef5000 to thread-id:123783346121536
Loading centroid data from medoids vector data of 1 medoid(s)
done..
Loading external cache list from /home/dzq/ann_exp/index/cache/hot_cache_k5000.txt
load_cache_list(file): read 5000 node ids from /home/dzq/ann_exp/index/cache/hot_cache_k5000.txt
Loading the cache list into memory....done.
     L   Beamwidth             QPS    Mean Latency    99.9 Latency        Mean IOs    Mean IO (us)         CPU (s)       Recall@10
===================================================================================================================================
    40           4          892.86         4424.72         9835.00           48.45         4105.85          219.05           93.85
Done searching. Now saving results 
Writing bin: /home/dzq/ann_exp/result/advanced_cache/hot_K5000_L40_40_idx_uint32.bin
bin: #pts = 800, #dims = 10, size = 32008B
Finished writing bin.
Writing bin: /home/dzq/ann_exp/result/advanced_cache/hot_K5000_L40_40_dists_float.bin
bin: #pts = 800, #dims = 10, size = 32008B
Finished writing bin.
Clearing scratch
