Search parameters: #threads: 4,  beamwidth: 4.
Reading (with alignment) bin file /home/dzq/ann_exp/data/sift1m/sift_query_eval800.fbin ...Metadata: #pts = 800, #dims = 128, aligned_dim = 128... allocating aligned memory of 409600 bytes... done. Copying data to mem_aligned buffer... done.
Opened: /home/dzq/ann_exp/data/sift1m/sift_gt_eval800, size: 32008, cache_size: 32008
Reading truthset file /home/dzq/ann_exp/data/sift1m/sift_gt_eval800 ...
Metadata: #pts = 800, #dims = 10... 
L2: Using AVX2 distance computation DistanceL2Float
L2: Using AVX2 distance computation DistanceL2Float
Reading bin file /home/dzq/ann_exp/index/disk/sift1m_R32_L50_B1_M4_pq_compressed.bin ...
Opening bin file /home/dzq/ann_exp/index/disk/sift1m_R32_L50_B1_M4_pq_compressed.bin... 
Metadata: #pts = 1000000, #dims = 128...
done.
Reading bin file /home/dzq/ann_exp/index/disk/sift1m_R32_L50_B1_M4_pq_pivots.bin ...
Opening bin file /home/dzq/ann_exp/index/disk/sift1m_R32_L50_B1_M4_pq_pivots.bin... 
Metadata: #pts = 4, #dims = 1...
done.
Offsets: 4096 135176 135696 136220
Reading bin file /home/dzq/ann_exp/index/disk/sift1m_R32_L50_B1_M4_pq_pivots.bin ...
Opening bin file /home/dzq/ann_exp/index/disk/sift1m_R32_L50_B1_M4_pq_pivots.bin... 
Metadata: #pts = 256, #dims = 128...
done.
Reading bin file /home/dzq/ann_exp/index/disk/sift1m_R32_L50_B1_M4_pq_pivots.bin ...
Opening bin file /home/dzq/ann_exp/index/disk/sift1m_R32_L50_B1_M4_pq_pivots.bin... 
Metadata: #pts = 128, #dims = 1...
done.
Reading bin file /home/dzq/ann_exp/index/disk/sift1m_R32_L50_B1_M4_pq_pivots.bin ...
Opening bin file /home/dzq/ann_exp/index/disk/sift1m_R32_L50_B1_M4_pq_pivots.bin... 
Metadata: #pts = 129, #dims = 1...
done.
Loaded PQ Pivots: #ctrs: 256, #dims: 128, #chunks: 128
Loaded PQ centroids and in-memory compressed vectors. #points: 1000000 #dim: 128 #aligned_dim: 128 #chunks: 128
Disk-Index File Meta-data: # nodes per sector: 6, max node len (bytes): 644, max node degree: 32
Opened file : /home/dzq/ann_exp/index/disk/sift1m_R32_L50_B1_M4_disk.index
Setting up thread-specific contexts for nthreads: 4
allocating ctx: 0x78b46b298000 to thread-id:132716116605888
allocating ctx: 0x78b46b287000 to thread-id:132716287408064
allocating ctx: 0x78b46a506000 to thread-id:132716103797824
allocating ctx: 0x78b46a4f5000 to thread-id:132716129413952
Loading centroid data from medoids vector data of 1 medoid(s)
done..
Loading external cache list from /home/dzq/ann_exp/index/cache/hybrid_a03_k10000.txt
load_cache_list(file): read 10000 node ids from /home/dzq/ann_exp/index/cache/hybrid_a03_k10000.txt
Loading the cache list into memory....done.
     L   Beamwidth             QPS    Mean Latency    99.9 Latency        Mean IOs    Mean IO (us)         CPU (s)       Recall@10
===================================================================================================================================
   120           4          391.59        10139.07        13992.00          123.07         9428.76          480.12           98.61
Done searching. Now saving results 
Writing bin: /home/dzq/ann_exp/result/advanced_cache/hybrid_a03_L120_120_idx_uint32.bin
bin: #pts = 800, #dims = 10, size = 32008B
Finished writing bin.
Writing bin: /home/dzq/ann_exp/result/advanced_cache/hybrid_a03_L120_120_dists_float.bin
bin: #pts = 800, #dims = 10, size = 32008B
Finished writing bin.
Clearing scratch
