Search parameters: #threads: 1,  beamwidth: 4.
Reading (with alignment) bin file /home/dzq/ann_exp/data/sift1m/sift_query_profile200.fbin ...Metadata: #pts = 200, #dims = 128, aligned_dim = 128... allocating aligned memory of 102400 bytes... done. Copying data to mem_aligned buffer... done.
Opened: /home/dzq/ann_exp/data/sift1m/sift_gt_profile200, size: 8008, cache_size: 8008
Reading truthset file /home/dzq/ann_exp/data/sift1m/sift_gt_profile200 ...
Metadata: #pts = 200, #dims = 10... 
L2: Using AVX2 distance computation DistanceL2Float
L2: Using AVX2 distance computation DistanceL2Float
Reading bin file /home/dzq/ann_exp/index/disk/sift1m_R32_L50_B1_M4_pq_compressed.bin ...
Opening bin file /home/dzq/ann_exp/index/disk/sift1m_R32_L50_B1_M4_pq_compressed.bin... 
Metadata: #pts = 1000000, #dims = 128...
done.
Reading bin file /home/dzq/ann_exp/index/disk/sift1m_R32_L50_B1_M4_pq_pivots.bin ...
Opening bin file /home/dzq/ann_exp/index/disk/sift1m_R32_L50_B1_M4_pq_pivots.bin... 
Metadata: #pts = 4, #dims = 1...
done.
Offsets: 4096 135176 135696 136220
Reading bin file /home/dzq/ann_exp/index/disk/sift1m_R32_L50_B1_M4_pq_pivots.bin ...
Opening bin file /home/dzq/ann_exp/index/disk/sift1m_R32_L50_B1_M4_pq_pivots.bin... 
Metadata: #pts = 256, #dims = 128...
done.
Reading bin file /home/dzq/ann_exp/index/disk/sift1m_R32_L50_B1_M4_pq_pivots.bin ...
Opening bin file /home/dzq/ann_exp/index/disk/sift1m_R32_L50_B1_M4_pq_pivots.bin... 
Metadata: #pts = 128, #dims = 1...
done.
Reading bin file /home/dzq/ann_exp/index/disk/sift1m_R32_L50_B1_M4_pq_pivots.bin ...
Opening bin file /home/dzq/ann_exp/index/disk/sift1m_R32_L50_B1_M4_pq_pivots.bin... 
Metadata: #pts = 129, #dims = 1...
done.
Loaded PQ Pivots: #ctrs: 256, #dims: 128, #chunks: 128
Loaded PQ centroids and in-memory compressed vectors. #points: 1000000 #dim: 128 #aligned_dim: 128 #chunks: 128
Disk-Index File Meta-data: # nodes per sector: 6, max node len (bytes): 644, max node degree: 32
Opened file : /home/dzq/ann_exp/index/disk/sift1m_R32_L50_B1_M4_disk.index
Setting up thread-specific contexts for nthreads: 1
allocating ctx: 0x7ce0fd6c0000 to thread-id:137305766311872
Loading centroid data from medoids vector data of 1 medoid(s)
done..
Trace enabled, writing to: /home/dzq/ann_exp/log/advanced_cache/trace_200q.txt
Caching 0 nodes around medoid(s)
Caching 0...
Level: 1. #nodes: 0, #nodes thus far: 0
done
Loading the cache list into memory....done.
     L   Beamwidth             QPS    Mean Latency    99.9 Latency        Mean IOs    Mean IO (us)         CPU (s)       Recall@10
===================================================================================================================================
    80           4          176.22         5641.48         7715.00           95.39         5203.63          216.46           98.05
Done searching. Now saving results 
Writing bin: /home/dzq/ann_exp/result/advanced_cache/profile200_trace_L80_W4_80_idx_uint32.bin
bin: #pts = 200, #dims = 10, size = 8008B
Finished writing bin.
Writing bin: /home/dzq/ann_exp/result/advanced_cache/profile200_trace_L80_W4_80_dists_float.bin
bin: #pts = 200, #dims = 10, size = 8008B
Finished writing bin.
Clearing scratch
	Command being timed: "./apps/search_disk_index --data_type float --dist_fn l2 --index_path_prefix /home/dzq/ann_exp/index/disk/sift1m_R32_L50_B1_M4 --query_file /home/dzq/ann_exp/data/sift1m/sift_query_profile200.fbin --gt_file /home/dzq/ann_exp/data/sift1m/sift_gt_profile200 --recall_at 10 --search_list 80 --beamwidth 4 --num_nodes_to_cache 0 --num_threads 1 --trace_out /home/dzq/ann_exp/log/advanced_cache/trace_200q.txt --result_path /home/dzq/ann_exp/result/advanced_cache/profile200_trace_L80_W4"
	User time (seconds): 0.08
	System time (seconds): 0.26
	Percent of CPU this job got: 25%
	Elapsed (wall clock) time (h:mm:ss or m:ss): 0:01.40
	Average shared text size (kbytes): 0
	Average unshared data size (kbytes): 0
	Average stack size (kbytes): 0
	Average total size (kbytes): 0
	Maximum resident set size (kbytes): 152960
	Average resident set size (kbytes): 0
	Major (requiring I/O) page faults: 238
	Minor (reclaiming a frame) page faults: 34691
	Voluntary context switches: 11344
	Involuntary context switches: 0
	Swaps: 0
	File system inputs: 447312
	File system outputs: 1176
	Socket messages sent: 0
	Socket messages received: 0
	Signals delivered: 0
	Page size (bytes): 4096
	Exit status: 0
